[0802/083606.977:INFO:CONSOLE(0)] "Error with Permissions-Policy header: Feature xr-spatial-tracking's parameters are ignored.", source:  (0)
[0802/083606.977:INFO:CONSOLE(0)] "Error with Permissions-Policy header: Origin trial controlled feature not enabled: 'attribution-reporting'.", source:  (0)
[0802/083606.977:INFO:CONSOLE(0)] "Error with Permissions-Policy header: Unrecognized feature: 'battery'.", source:  (0)
[0802/083606.977:INFO:CONSOLE(0)] "Error with Permissions-Policy header: Unrecognized feature: 'bluetooth'.", source:  (0)
[0802/083606.977:INFO:CONSOLE(0)] "Error with Permissions-Policy header: Unrecognized feature: 'ch-save-data'.", source:  (0)
[0802/083606.978:INFO:CONSOLE(0)] "Error with Permissions-Policy header: Origin trial controlled feature not enabled: 'ch-viewport-height'.", source:  (0)
[0802/083606.978:INFO:CONSOLE(0)] "Error with Permissions-Policy header: Unrecognized feature: 'compute-pressure'.", source:  (0)
[0802/083606.978:INFO:CONSOLE(0)] "Error with Permissions-Policy header: Unrecognized feature: 'gamepad'.", source:  (0)
[0802/083606.978:INFO:CONSOLE(0)] "Error with Permissions-Policy header: Unrecognized feature: 'interest-cohort'.", source:  (0)
[0802/083606.978:INFO:CONSOLE(0)] "Error with Permissions-Policy header: Unrecognized feature: 'local-fonts'.", source:  (0)
[0802/083606.978:INFO:CONSOLE(0)] "Error with Permissions-Policy header: Unrecognized feature: 'private-state-token-issuance'.", source:  (0)
[0802/083606.978:INFO:CONSOLE(0)] "Error with Permissions-Policy header: Unrecognized feature: 'shared-storage'.", source:  (0)
[0802/083606.979:INFO:CONSOLE(0)] "Error with Permissions-Policy header: Unrecognized feature: 'shared-storage-select-url'.", source:  (0)
[0802/083606.979:INFO:CONSOLE(0)] "Error with Permissions-Policy header: Unrecognized feature: 'private-state-token-redemption'.", source:  (0)
[0802/083606.979:INFO:CONSOLE(0)] "Error with Permissions-Policy header: Unrecognized feature: 'usb-unrestricted'.", source:  (0)
[0802/083606.979:INFO:CONSOLE(0)] "Error with Permissions-Policy header: Unrecognized feature: 'unload'.", source:  (0)
[0802/083606.979:INFO:CONSOLE(0)] "Error with Permissions-Policy header: Unrecognized feature: 'window-management'.", source:  (0)
[0802/083607.019:ERROR:entry_impl.cc(1076)] No file for 80000005
[0802/083607.021:ERROR:entry_impl.cc(1076)] No file for 8000000a
[0802/083607.024:ERROR:entry_impl.cc(1076)] No file for 80000001
[0802/083611.242:INFO:CONSOLE(0)] "The resource https://static.whatsapp.net/rsrc.php/v3/yf/l/0,cross/BOPhjBKpJrO8lAwdtSweZp.css?_nc_x=Ij3Wp8lg5Kz was preloaded using link preload but not used within a few seconds from the window's load event. Please make sure it has an appropriate `as` value and it is preloaded intentionally.", source: https://web.whatsapp.com/ (0)
[0802/083611.242:INFO:CONSOLE(0)] "The resource https://static.whatsapp.net/rsrc-translations.php/v6iE5C4/yD/l/es_LA/TCLxcLnNWXq.js?_nc_x=Ij3Wp8lg5Kz was preloaded using link preload but not used within a few seconds from the window's load event. Please make sure it has an appropriate `as` value and it is preloaded intentionally.", source: https://web.whatsapp.com/ (0)
[0802/083611.242:INFO:CONSOLE(0)] "The resource https://static.whatsapp.net/rsrc-translations.php/v6imii4/y-/l/es_LA/YZtObq2M89193qFpVoVeCavsWqehdEtWw.js?_nc_x=Ij3Wp8lg5Kz was preloaded using link preload but not used within a few seconds from the window's load event. Please make sure it has an appropriate `as` value and it is preloaded intentionally.", source: https://web.whatsapp.com/ (0)
[0802/083611.242:INFO:CONSOLE(0)] "The resource https://static.whatsapp.net/rsrc-translations.php/v6ikRu4/yk/l/es_LA/A0IvPzYIyxT.js?_nc_x=Ij3Wp8lg5Kz was preloaded using link preload but not used within a few seconds from the window's load event. Please make sure it has an appropriate `as` value and it is preloaded intentionally.", source: https://web.whatsapp.com/ (0)
[0802/083611.242:INFO:CONSOLE(0)] "The resource https://static.whatsapp.net/rsrc-translations.php/v6iGIw4/yv/l/es_LA/CemUJWoMF6H.js?_nc_x=Ij3Wp8lg5Kz was preloaded using link preload but not used within a few seconds from the window's load event. Please make sure it has an appropriate `as` value and it is preloaded intentionally.", source: https://web.whatsapp.com/ (0)
